{
  "Cucumber Features": {
    "coverage": {
      "/Users/charles/Dropbox/Course_Fall2019/606/hw3/hw-acceptance-unit-test-cycle/rottenpotatoes/app/models/movie.rb": [
        1,
        1,
        16,
        null,
        null
      ],
      "/Users/charles/Dropbox/Course_Fall2019/606/hw3/hw-acceptance-unit-test-cycle/rottenpotatoes/app/controllers/movies_controller.rb": [
        1,
        null,
        1,
        2,
        null,
        null,
        1,
        4,
        4,
        null,
        null,
        null,
        1,
        16,
        16,
        null,
        2,
        null,
        2,
        null,
        16,
        16,
        null,
        16,
        48,
        null,
        null,
        16,
        4,
        4,
        4,
        null,
        12,
        null,
        null,
        1,
        null,
        null,
        null,
        1,
        1,
        1,
        1,
        null,
        null,
        1,
        1,
        null,
        null,
        1,
        1,
        1,
        1,
        1,
        null,
        null,
        1,
        1,
        1,
        1,
        1,
        null,
        null,
        1,
        2,
        2,
        2,
        1,
        null,
        1,
        null,
        null,
        null
      ],
      "/Users/charles/Dropbox/Course_Fall2019/606/hw3/hw-acceptance-unit-test-cycle/rottenpotatoes/app/controllers/application_controller.rb": [
        1,
        1,
        null,
        null,
        1,
        1,
        1,
        1,
        null,
        0,
        0,
        0,
        null,
        null,
        null,
        0,
        null,
        null
      ],
      "/Users/charles/Dropbox/Course_Fall2019/606/hw3/hw-acceptance-unit-test-cycle/rottenpotatoes/app/helpers/application_helper.rb": [
        1,
        null
      ],
      "/Users/charles/Dropbox/Course_Fall2019/606/hw3/hw-acceptance-unit-test-cycle/rottenpotatoes/app/helpers/movies_helper.rb": [
        1,
        null,
        1,
        0,
        null,
        null
      ]
    },
    "timestamp": 1571731565
  },
  "RSpec": {
    "coverage": {
      "/Users/charles/Dropbox/Course_Fall2019/606/hw3/hw-acceptance-unit-test-cycle/rottenpotatoes/app/helpers/application_helper.rb": [
        1,
        null
      ],
      "/Users/charles/Dropbox/Course_Fall2019/606/hw3/hw-acceptance-unit-test-cycle/rottenpotatoes/app/helpers/movies_helper.rb": [
        1,
        null,
        1,
        0,
        null,
        null
      ],
      "/Users/charles/Dropbox/Course_Fall2019/606/hw3/hw-acceptance-unit-test-cycle/rottenpotatoes/app/controllers/movies_controller.rb": [
        1,
        null,
        1,
        6,
        null,
        null,
        1,
        2,
        2,
        null,
        null,
        null,
        1,
        3,
        3,
        null,
        1,
        null,
        1,
        null,
        3,
        3,
        null,
        3,
        18,
        null,
        null,
        3,
        2,
        2,
        2,
        null,
        1,
        null,
        null,
        1,
        null,
        null,
        null,
        1,
        3,
        3,
        3,
        null,
        null,
        1,
        0,
        null,
        null,
        1,
        3,
        3,
        3,
        3,
        null,
        null,
        1,
        2,
        2,
        2,
        2,
        null,
        null,
        1,
        1,
        1,
        1,
        1,
        null,
        0,
        null,
        null,
        null
      ],
      "/Users/charles/Dropbox/Course_Fall2019/606/hw3/hw-acceptance-unit-test-cycle/rottenpotatoes/app/controllers/application_controller.rb": [
        1,
        1,
        null,
        null,
        1,
        1,
        1,
        1,
        null,
        14,
        14,
        14,
        null,
        null,
        null,
        0,
        null,
        null
      ],
      "/Users/charles/Dropbox/Course_Fall2019/606/hw3/hw-acceptance-unit-test-cycle/rottenpotatoes/app/models/movie.rb": [
        1,
        1,
        3,
        null,
        null
      ]
    },
    "timestamp": 1571731509
  }
}
